<?xml version="1.0" encoding="UTF-8"?>
<testsuite xmlns:xsi="http://www.w3.org/2001/XMLSchema-instance" xsi:noNamespaceSchemaLocation="https://maven.apache.org/surefire/maven-surefire-plugin/xsd/surefire-test-report-3.0.xsd" version="3.0" name="com.ryotakisse.TalentHunterApplicationTests" time="6.093" tests="1" errors="0" skipped="0" failures="0">
  <properties>
[...]
</properties>
  <testcase name="contextLoads" classname="com.ryotakisse.TalentHunterApplicationTests" time="0.604">
    <system-out><![CDATA[19:16:11.417 [main] INFO org.springframework.test.context.support.AnnotationConfigContextLoaderUtils -- Could not detect default configuration classes for test class [com.ryotakisse.TalentHunterApplicationTests]: TalentHunterApplicationTests does not declare any static, non-private, non-final, nested classes annotated with @Configuration.
19:16:11.575 [main] INFO org.springframework.boot.test.context.SpringBootTestContextBootstrapper -- Found @SpringBootConfiguration com.ryotakisse.TalentHunterApplication for test class com.ryotakisse.TalentHunterApplicationTests

  .   ____          _            __ _ _
 /\\ / ___'_ __ _ _(_)_ __  __ _ \ \ \ \
( ( )\___ | '_ | '_| | '_ \/ _` | \ \ \ \
 \\/  ___)| |_)| | | | | || (_| |  ) ) ) )
  '  |____| .__|_| |_|_| |_\__, | / / / /
 =========|_|==============|___/=/_/_/_/
 :: Spring Boot ::                (v3.2.0)

2024-01-05T19:16:12.174+01:00  INFO 579057 --- [           main] c.r.TalentHunterApplicationTests         : Starting TalentHunterApplicationTests using Java 17.0.6 with PID 579057 (started by kassi in /home/kassi/Desktop/Projects/Professionnel-Social-Platform/talent-hunter-back)
2024-01-05T19:16:12.176+01:00  INFO 579057 --- [           main] c.r.TalentHunterApplicationTests         : No active profile set, falling back to 1 default profile: "default"
2024-01-05T19:16:12.943+01:00  INFO 579057 --- [           main] .s.d.r.c.RepositoryConfigurationDelegate : Bootstrapping Spring Data JPA repositories in DEFAULT mode.
2024-01-05T19:16:13.019+01:00  INFO 579057 --- [           main] .s.d.r.c.RepositoryConfigurationDelegate : Finished Spring Data repository scanning in 67 ms. Found 2 JPA repository interfaces.
2024-01-05T19:16:13.519+01:00  INFO 579057 --- [           main] o.hibernate.jpa.internal.util.LogHelper  : HHH000204: Processing PersistenceUnitInfo [name: default]
2024-01-05T19:16:13.578+01:00  INFO 579057 --- [           main] org.hibernate.Version                    : HHH000412: Hibernate ORM core version 6.3.1.Final
2024-01-05T19:16:13.617+01:00  INFO 579057 --- [           main] o.h.c.internal.RegionFactoryInitiator    : HHH000026: Second-level cache disabled
2024-01-05T19:16:13.894+01:00  INFO 579057 --- [           main] o.s.o.j.p.SpringPersistenceUnitInfo      : No LoadTimeWeaver setup: ignoring JPA class transformer
2024-01-05T19:16:13.926+01:00  INFO 579057 --- [           main] com.zaxxer.hikari.HikariDataSource       : HikariPool-1 - Starting...
2024-01-05T19:16:14.297+01:00  INFO 579057 --- [           main] com.zaxxer.hikari.pool.HikariPool        : HikariPool-1 - Added connection org.postgresql.jdbc.PgConnection@4a9b3956
2024-01-05T19:16:14.299+01:00  INFO 579057 --- [           main] com.zaxxer.hikari.HikariDataSource       : HikariPool-1 - Start completed.
2024-01-05T19:16:14.340+01:00  WARN 579057 --- [           main] org.hibernate.orm.deprecation            : HHH90000025: PostgreSQLDialect does not need to be specified explicitly using 'hibernate.dialect' (remove the property setting and it will be selected by default)
2024-01-05T19:16:15.433+01:00  INFO 579057 --- [           main] o.h.e.t.j.p.i.JtaPlatformInitiator       : HHH000489: No JTA platform available (set 'hibernate.transaction.jta.platform' to enable JTA platform integration)
Hibernate: 
    alter table if exists job_offer_candidates 
       drop constraint if exists FKh0b47p5ayyh3iqllef502gm91
2024-01-05T19:16:15.456+01:00  WARN 579057 --- [           main] o.h.engine.jdbc.spi.SqlExceptionHelper   : SQL Warning Code: 0, SQLState: 00000
2024-01-05T19:16:15.457+01:00  WARN 579057 --- [           main] o.h.engine.jdbc.spi.SqlExceptionHelper   : relation "job_offer_candidates" does not exist, skipping
Hibernate: 
    alter table if exists job_offer_candidates 
       drop constraint if exists FKihfdckmnu5fxlwiuyq4k9qp5f
2024-01-05T19:16:15.458+01:00  WARN 579057 --- [           main] o.h.engine.jdbc.spi.SqlExceptionHelper   : SQL Warning Code: 0, SQLState: 00000
2024-01-05T19:16:15.458+01:00  WARN 579057 --- [           main] o.h.engine.jdbc.spi.SqlExceptionHelper   : relation "job_offer_candidates" does not exist, skipping
Hibernate: 
    alter table if exists platform_user_applied_jobs 
       drop constraint if exists FK5ru5pws9fx030u4thxvuqtj8j
2024-01-05T19:16:15.460+01:00  WARN 579057 --- [           main] o.h.engine.jdbc.spi.SqlExceptionHelper   : SQL Warning Code: 0, SQLState: 00000
2024-01-05T19:16:15.460+01:00  WARN 579057 --- [           main] o.h.engine.jdbc.spi.SqlExceptionHelper   : relation "platform_user_applied_jobs" does not exist, skipping
Hibernate: 
    alter table if exists platform_user_applied_jobs 
       drop constraint if exists FKaw2sbbnpvu205dvwochfwvgia
2024-01-05T19:16:15.461+01:00  WARN 579057 --- [           main] o.h.engine.jdbc.spi.SqlExceptionHelper   : SQL Warning Code: 0, SQLState: 00000
2024-01-05T19:16:15.461+01:00  WARN 579057 --- [           main] o.h.engine.jdbc.spi.SqlExceptionHelper   : relation "platform_user_applied_jobs" does not exist, skipping
Hibernate: 
    alter table if exists platform_user_created_jobs 
       drop constraint if exists FK7rpoxceenfkktwshn9cv6wdoq
2024-01-05T19:16:15.462+01:00  WARN 579057 --- [           main] o.h.engine.jdbc.spi.SqlExceptionHelper   : SQL Warning Code: 0, SQLState: 00000
2024-01-05T19:16:15.462+01:00  WARN 579057 --- [           main] o.h.engine.jdbc.spi.SqlExceptionHelper   : relation "platform_user_created_jobs" does not exist, skipping
Hibernate: 
    alter table if exists platform_user_created_jobs 
       drop constraint if exists FKf787jtde0tbfkwh2x65y1hr4b
2024-01-05T19:16:15.463+01:00  WARN 579057 --- [           main] o.h.engine.jdbc.spi.SqlExceptionHelper   : SQL Warning Code: 0, SQLState: 00000
2024-01-05T19:16:15.464+01:00  WARN 579057 --- [           main] o.h.engine.jdbc.spi.SqlExceptionHelper   : relation "platform_user_created_jobs" does not exist, skipping
Hibernate: 
    drop table if exists job_offer cascade
2024-01-05T19:16:15.465+01:00  WARN 579057 --- [           main] o.h.engine.jdbc.spi.SqlExceptionHelper   : SQL Warning Code: 0, SQLState: 00000
2024-01-05T19:16:15.465+01:00  WARN 579057 --- [           main] o.h.engine.jdbc.spi.SqlExceptionHelper   : table "job_offer" does not exist, skipping
Hibernate: 
    drop table if exists job_offer_candidates cascade
2024-01-05T19:16:15.466+01:00  WARN 579057 --- [           main] o.h.engine.jdbc.spi.SqlExceptionHelper   : SQL Warning Code: 0, SQLState: 00000
2024-01-05T19:16:15.466+01:00  WARN 579057 --- [           main] o.h.engine.jdbc.spi.SqlExceptionHelper   : table "job_offer_candidates" does not exist, skipping
Hibernate: 
    drop table if exists platform_user cascade
2024-01-05T19:16:15.467+01:00  WARN 579057 --- [           main] o.h.engine.jdbc.spi.SqlExceptionHelper   : SQL Warning Code: 0, SQLState: 00000
2024-01-05T19:16:15.468+01:00  WARN 579057 --- [           main] o.h.engine.jdbc.spi.SqlExceptionHelper   : table "platform_user" does not exist, skipping
Hibernate: 
    drop table if exists platform_user_applied_jobs cascade
2024-01-05T19:16:15.469+01:00  WARN 579057 --- [           main] o.h.engine.jdbc.spi.SqlExceptionHelper   : SQL Warning Code: 0, SQLState: 00000
2024-01-05T19:16:15.469+01:00  WARN 579057 --- [           main] o.h.engine.jdbc.spi.SqlExceptionHelper   : table "platform_user_applied_jobs" does not exist, skipping
Hibernate: 
    drop table if exists platform_user_created_jobs cascade
2024-01-05T19:16:15.470+01:00  WARN 579057 --- [           main] o.h.engine.jdbc.spi.SqlExceptionHelper   : SQL Warning Code: 0, SQLState: 00000
2024-01-05T19:16:15.470+01:00  WARN 579057 --- [           main] o.h.engine.jdbc.spi.SqlExceptionHelper   : table "platform_user_created_jobs" does not exist, skipping
Hibernate: 
    drop sequence if exists offer_id_sequence
2024-01-05T19:16:15.471+01:00  WARN 579057 --- [           main] o.h.engine.jdbc.spi.SqlExceptionHelper   : SQL Warning Code: 0, SQLState: 00000
2024-01-05T19:16:15.472+01:00  WARN 579057 --- [           main] o.h.engine.jdbc.spi.SqlExceptionHelper   : sequence "offer_id_sequence" does not exist, skipping
Hibernate: 
    drop sequence if exists user_id_sequence
2024-01-05T19:16:15.472+01:00  WARN 579057 --- [           main] o.h.engine.jdbc.spi.SqlExceptionHelper   : SQL Warning Code: 0, SQLState: 00000
2024-01-05T19:16:15.473+01:00  WARN 579057 --- [           main] o.h.engine.jdbc.spi.SqlExceptionHelper   : sequence "user_id_sequence" does not exist, skipping
Hibernate: 
    create sequence offer_id_sequence start with 1 increment by 1
Hibernate: 
    create sequence user_id_sequence start with 1 increment by 1
Hibernate: 
    create table job_offer (
        id integer not null,
        date timestamp(6),
        creator varchar(255),
        description varchar(255),
        location varchar(255),
        salary varchar(255),
        title varchar(255),
        type varchar(255),
        primary key (id)
    )
Hibernate: 
    create table job_offer_candidates (
        candidates_id integer not null,
        job_offer_id integer not null,
        primary key (candidates_id, job_offer_id)
    )
Hibernate: 
    create table platform_user (
        id integer not null,
        contact_information varchar(255),
        education varchar(255),
        email varchar(255),
        gender varchar(255) check (gender in ('MALE','FEMALE')),
        password varchar(255),
        personal_information varchar(255),
        skills varchar(255),
        user_type varchar(255) check (user_type in ('Candidate','Recruiter')),
        username varchar(255),
        work_experience varchar(255),
        primary key (id)
    )
Hibernate: 
    create table platform_user_applied_jobs (
        applied_jobs_id integer not null,
        user_id integer not null,
        primary key (applied_jobs_id, user_id)
    )
Hibernate: 
    create table platform_user_created_jobs (
        created_jobs_id integer not null unique,
        user_id integer not null,
        primary key (created_jobs_id, user_id)
    )
Hibernate: 
    alter table if exists job_offer_candidates 
       add constraint FKh0b47p5ayyh3iqllef502gm91 
       foreign key (candidates_id) 
       references platform_user
Hibernate: 
    alter table if exists job_offer_candidates 
       add constraint FKihfdckmnu5fxlwiuyq4k9qp5f 
       foreign key (job_offer_id) 
       references job_offer
Hibernate: 
    alter table if exists platform_user_applied_jobs 
       add constraint FK5ru5pws9fx030u4thxvuqtj8j 
       foreign key (applied_jobs_id) 
       references job_offer
Hibernate: 
    alter table if exists platform_user_applied_jobs 
       add constraint FKaw2sbbnpvu205dvwochfwvgia 
       foreign key (user_id) 
       references platform_user
Hibernate: 
    alter table if exists platform_user_created_jobs 
       add constraint FK7rpoxceenfkktwshn9cv6wdoq 
       foreign key (created_jobs_id) 
       references job_offer
Hibernate: 
    alter table if exists platform_user_created_jobs 
       add constraint FKf787jtde0tbfkwh2x65y1hr4b 
       foreign key (user_id) 
       references platform_user
2024-01-05T19:16:15.562+01:00  INFO 579057 --- [           main] j.LocalContainerEntityManagerFactoryBean : Initialized JPA EntityManagerFactory for persistence unit 'default'
2024-01-05T19:16:16.200+01:00  WARN 579057 --- [           main] JpaBaseConfiguration$JpaWebConfiguration : spring.jpa.open-in-view is enabled by default. Therefore, database queries may be performed during view rendering. Explicitly configure spring.jpa.open-in-view to disable this warning
2024-01-05T19:16:16.677+01:00  INFO 579057 --- [           main] c.r.TalentHunterApplicationTests         : Started TalentHunterApplicationTests in 4.926 seconds (process running for 6.147)
]]></system-out>
  </testcase>
</testsuite>